2018-10-29 13:59:01[com.golaxy.utils.RedisPool]-[INFO]init redis connect...
2018-10-29 13:59:01[com.golaxy.utils.RedisPool]-[INFO]redis connect host is 192.168.72.145	port is 26379
2018-10-29 13:59:01[com.golaxy.utils.RedisPool]-[INFO]init redis pool config...
2018-10-29 13:59:01[com.golaxy.utils.RedisPool]-[INFO]redis max total 200
2018-10-29 13:59:01[com.golaxy.utils.RedisPool]-[INFO]redis max idle 50
2018-10-29 13:59:01[com.golaxy.utils.RedisPool]-[INFO]redis max wait millis 1000
2018-10-29 13:59:01[com.golaxy.utils.RedisPool]-[INFO]Initialization is completed...
2018-10-29 13:59:22[com.golaxy.utils.RedisPool]-[ERROR]Could not get a resource from the pool
2018-10-29 13:59:43[com.golaxy.utils.RedisPool]-[ERROR]Could not get a resource from the pool
2018-10-29 14:00:04[com.golaxy.utils.RedisPool]-[ERROR]Could not get a resource from the pool
2018-10-29 14:01:06[com.golaxy.utils.RedisPool]-[INFO]init redis connect...
2018-10-29 14:01:06[com.golaxy.utils.RedisPool]-[INFO]redis connect host is 192.168.72.145	port is 26379
2018-10-29 14:01:06[com.golaxy.utils.RedisPool]-[INFO]init redis pool config...
2018-10-29 14:01:06[com.golaxy.utils.RedisPool]-[INFO]redis max total 200
2018-10-29 14:01:06[com.golaxy.utils.RedisPool]-[INFO]redis max idle 50
2018-10-29 14:01:06[com.golaxy.utils.RedisPool]-[INFO]redis max wait millis 1000
2018-10-29 14:01:06[com.golaxy.utils.RedisPool]-[INFO]Initialization is completed...
2018-10-29 14:01:27[com.golaxy.utils.RedisPool]-[ERROR]Could not get a resource from the pool
2018-10-29 14:03:00[com.golaxy.utils.RedisPool]-[INFO]init redis connect...
2018-10-29 14:03:00[com.golaxy.utils.RedisPool]-[INFO]redis connect host is 192.168.72.145	port is 26379
2018-10-29 14:03:00[com.golaxy.utils.RedisPool]-[INFO]init redis pool config...
2018-10-29 14:03:00[com.golaxy.utils.RedisPool]-[INFO]redis max total 200
2018-10-29 14:03:00[com.golaxy.utils.RedisPool]-[INFO]redis max idle 50
2018-10-29 14:03:00[com.golaxy.utils.RedisPool]-[INFO]redis max wait millis 1000
2018-10-29 14:03:00[com.golaxy.utils.RedisPool]-[INFO]Initialization is completed...
2018-10-29 14:03:22[com.golaxy.utils.RedisPool]-[ERROR]Could not get a resource from the pool
2018-10-29 14:03:58[com.golaxy.utils.RedisPool]-[INFO]init redis connect...
2018-10-29 14:03:59[com.golaxy.utils.RedisPool]-[INFO]redis connect host is 192.168.72.145	port is 26379
2018-10-29 14:03:59[com.golaxy.utils.RedisPool]-[INFO]init redis pool config...
2018-10-29 14:04:02[com.golaxy.utils.RedisPool]-[INFO]redis max total 200
2018-10-29 14:04:02[com.golaxy.utils.RedisPool]-[INFO]redis max idle 50
2018-10-29 14:04:02[com.golaxy.utils.RedisPool]-[INFO]redis max wait millis 1000
2018-10-29 14:04:17[com.golaxy.utils.RedisPool]-[INFO]Initialization is completed...
2018-10-29 14:04:47[com.golaxy.utils.RedisPool]-[ERROR]Could not get a resource from the pool
2018-10-29 14:05:17[com.golaxy.utils.RedisPool]-[ERROR]Could not get a resource from the pool
2018-10-29 14:07:37[com.golaxy.utils.RedisPool]-[INFO]init redis connect...
2018-10-29 14:07:37[com.golaxy.utils.RedisPool]-[INFO]redis connect host is 192.168.72.145	port is 26379
2018-10-29 14:07:37[com.golaxy.utils.RedisPool]-[INFO]init redis pool config...
2018-10-29 14:07:37[com.golaxy.utils.RedisPool]-[INFO]redis max total 200
2018-10-29 14:07:37[com.golaxy.utils.RedisPool]-[INFO]redis max idle 50
2018-10-29 14:07:37[com.golaxy.utils.RedisPool]-[INFO]redis max wait millis 1000
2018-10-29 14:07:37[com.golaxy.utils.RedisPool]-[INFO]Initialization is completed...
2018-10-29 14:18:01[com.golaxy.utils.RedisPool]-[INFO]init redis connect...
2018-10-29 14:18:01[com.golaxy.utils.RedisPool]-[INFO]redis connect host is 192.168.72.145	port is 26379
2018-10-29 14:18:01[com.golaxy.utils.RedisPool]-[INFO]init redis pool config...
2018-10-29 14:18:01[com.golaxy.utils.RedisPool]-[INFO]redis max total 200
2018-10-29 14:18:01[com.golaxy.utils.RedisPool]-[INFO]redis max idle 50
2018-10-29 14:18:01[com.golaxy.utils.RedisPool]-[INFO]redis max wait millis 1000
2018-10-29 14:18:02[com.golaxy.utils.RedisPool]-[INFO]Initialization is completed...
2018-10-29 14:18:52[com.golaxy.utils.RedisPool]-[INFO]init redis connect...
2018-10-29 14:18:52[com.golaxy.utils.RedisPool]-[INFO]redis connect host is 192.168.72.145	port is 26379
2018-10-29 14:18:52[com.golaxy.utils.RedisPool]-[INFO]init redis pool config...
2018-10-29 14:18:52[com.golaxy.utils.RedisPool]-[INFO]redis max total 200
2018-10-29 14:18:52[com.golaxy.utils.RedisPool]-[INFO]redis max idle 50
2018-10-29 14:18:52[com.golaxy.utils.RedisPool]-[INFO]redis max wait millis 1000
2018-10-29 14:18:52[com.golaxy.utils.RedisPool]-[INFO]Initialization is completed...
2018-10-29 14:19:19[com.golaxy.utils.RedisPool]-[INFO]init redis connect...
2018-10-29 14:19:19[com.golaxy.utils.RedisPool]-[INFO]redis connect host is 192.168.72.145	port is 26379
2018-10-29 14:19:19[com.golaxy.utils.RedisPool]-[INFO]init redis pool config...
2018-10-29 14:19:19[com.golaxy.utils.RedisPool]-[INFO]redis max total 200
2018-10-29 14:19:19[com.golaxy.utils.RedisPool]-[INFO]redis max idle 50
2018-10-29 14:19:19[com.golaxy.utils.RedisPool]-[INFO]redis max wait millis 1000
2018-10-29 14:19:19[com.golaxy.utils.RedisPool]-[INFO]Initialization is completed...
2018-10-29 14:20:11[com.golaxy.utils.RedisPool]-[INFO]init redis connect...
2018-10-29 14:20:11[com.golaxy.utils.RedisPool]-[INFO]redis connect host is 192.168.72.145	port is 26379
2018-10-29 14:20:11[com.golaxy.utils.RedisPool]-[INFO]init redis pool config...
2018-10-29 14:20:11[com.golaxy.utils.RedisPool]-[INFO]redis max total 200
2018-10-29 14:20:11[com.golaxy.utils.RedisPool]-[INFO]redis max idle 50
2018-10-29 14:20:11[com.golaxy.utils.RedisPool]-[INFO]redis max wait millis 1000
2018-10-29 14:20:11[com.golaxy.utils.RedisPool]-[INFO]Initialization is completed...
2018-10-29 15:12:40[com.golaxy.utils.RedisPool]-[INFO]init redis connect...
2018-10-29 15:12:40[com.golaxy.utils.RedisPool]-[INFO]redis connect host is 192.168.72.145	port is 26379
2018-10-29 15:12:40[com.golaxy.utils.RedisPool]-[INFO]init redis pool config...
2018-10-29 15:12:40[com.golaxy.utils.RedisPool]-[INFO]redis max total 200
2018-10-29 15:12:40[com.golaxy.utils.RedisPool]-[INFO]redis max idle 50
2018-10-29 15:12:40[com.golaxy.utils.RedisPool]-[INFO]redis max wait millis 1000
2018-10-29 15:12:42[com.golaxy.utils.RedisPool]-[INFO]Initialization is completed...
2018-10-29 15:17:28[com.golaxy.utils.RedisPool]-[INFO]init redis connect...
2018-10-29 15:17:28[com.golaxy.utils.RedisPool]-[INFO]redis connect host is 192.168.72.145	port is 26379
2018-10-29 15:17:28[com.golaxy.utils.RedisPool]-[INFO]init redis pool config...
2018-10-29 15:17:28[com.golaxy.utils.RedisPool]-[INFO]redis max total 200
2018-10-29 15:17:28[com.golaxy.utils.RedisPool]-[INFO]redis max idle 50
2018-10-29 15:17:28[com.golaxy.utils.RedisPool]-[INFO]redis max wait millis 1000
2018-10-29 15:17:28[com.golaxy.utils.RedisPool]-[INFO]Initialization is completed...
2018-10-29 15:53:55[com.golaxy.utils.RedisPool]-[INFO]init redis connect...
2018-10-29 15:53:55[com.golaxy.utils.RedisPool]-[INFO]redis connect host is 192.168.72.145	port is 26379
2018-10-29 15:53:55[com.golaxy.utils.RedisPool]-[INFO]init redis pool config...
2018-10-29 15:53:55[com.golaxy.utils.RedisPool]-[INFO]redis max total 200
2018-10-29 15:53:55[com.golaxy.utils.RedisPool]-[INFO]redis max idle 50
2018-10-29 15:53:55[com.golaxy.utils.RedisPool]-[INFO]redis max wait millis 1000
2018-10-29 15:53:56[com.golaxy.utils.RedisPool]-[INFO]Initialization is completed...
2018-10-29 15:54:30[com.golaxy.utils.RedisPool]-[INFO]init redis connect...
2018-10-29 15:54:30[com.golaxy.utils.RedisPool]-[INFO]redis connect host is 192.168.72.145	port is 26379
2018-10-29 15:54:30[com.golaxy.utils.RedisPool]-[INFO]init redis pool config...
2018-10-29 15:54:30[com.golaxy.utils.RedisPool]-[INFO]redis max total 200
2018-10-29 15:54:30[com.golaxy.utils.RedisPool]-[INFO]redis max idle 50
2018-10-29 15:54:30[com.golaxy.utils.RedisPool]-[INFO]redis max wait millis 1000
2018-10-29 15:54:30[com.golaxy.utils.RedisPool]-[INFO]Initialization is completed...
2018-10-29 15:55:53[com.golaxy.utils.RedisPool]-[INFO]init redis connect...
2018-10-29 15:55:53[com.golaxy.utils.RedisPool]-[INFO]redis connect host is 192.168.72.145	port is 26379
2018-10-29 15:55:53[com.golaxy.utils.RedisPool]-[INFO]init redis pool config...
2018-10-29 15:55:53[com.golaxy.utils.RedisPool]-[INFO]redis max total 200
2018-10-29 15:55:53[com.golaxy.utils.RedisPool]-[INFO]redis max idle 50
2018-10-29 15:55:53[com.golaxy.utils.RedisPool]-[INFO]redis max wait millis 1000
2018-10-29 15:55:54[com.golaxy.utils.RedisPool]-[INFO]Initialization is completed...
2018-10-29 15:57:39[com.golaxy.utils.RedisPool]-[INFO]init redis connect...
2018-10-29 15:57:39[com.golaxy.utils.RedisPool]-[INFO]redis connect host is 192.168.72.145	port is 26379
2018-10-29 15:57:39[com.golaxy.utils.RedisPool]-[INFO]init redis pool config...
2018-10-29 15:57:39[com.golaxy.utils.RedisPool]-[INFO]redis max total 200
2018-10-29 15:57:39[com.golaxy.utils.RedisPool]-[INFO]redis max idle 50
2018-10-29 15:57:39[com.golaxy.utils.RedisPool]-[INFO]redis max wait millis 1000
2018-10-29 15:57:39[com.golaxy.utils.RedisPool]-[INFO]Initialization is completed...
2018-10-29 15:59:16[com.golaxy.utils.RedisPool]-[INFO]init redis connect...
2018-10-29 15:59:16[com.golaxy.utils.RedisPool]-[INFO]redis connect host is 192.168.72.145	port is 26379
2018-10-29 15:59:16[com.golaxy.utils.RedisPool]-[INFO]init redis pool config...
2018-10-29 15:59:16[com.golaxy.utils.RedisPool]-[INFO]redis max total 200
2018-10-29 15:59:16[com.golaxy.utils.RedisPool]-[INFO]redis max idle 50
2018-10-29 15:59:16[com.golaxy.utils.RedisPool]-[INFO]redis max wait millis 1000
2018-10-29 15:59:16[com.golaxy.utils.RedisPool]-[INFO]Initialization is completed...
2018-10-29 16:35:24[com.golaxy.utils.RedisPool]-[INFO]init redis connect...
2018-10-29 16:35:24[com.golaxy.utils.RedisPool]-[INFO]redis connect host is 192.168.72.145	port is 26379
2018-10-29 16:35:24[com.golaxy.utils.RedisPool]-[INFO]init redis pool config...
2018-10-29 16:35:24[com.golaxy.utils.RedisPool]-[INFO]redis max total 200
2018-10-29 16:35:24[com.golaxy.utils.RedisPool]-[INFO]redis max idle 50
2018-10-29 16:35:24[com.golaxy.utils.RedisPool]-[INFO]redis max wait millis 1000
2018-10-29 16:35:24[com.golaxy.utils.RedisPool]-[INFO]Initialization is completed...
2018-10-29 16:38:55[com.golaxy.utils.RedisPool]-[INFO]init redis connect...
2018-10-29 16:38:55[com.golaxy.utils.RedisPool]-[INFO]redis connect host is 192.168.72.145	port is 26379
2018-10-29 16:38:55[com.golaxy.utils.RedisPool]-[INFO]init redis pool config...
2018-10-29 16:38:55[com.golaxy.utils.RedisPool]-[INFO]redis max total 200
2018-10-29 16:38:55[com.golaxy.utils.RedisPool]-[INFO]redis max idle 50
2018-10-29 16:38:55[com.golaxy.utils.RedisPool]-[INFO]redis max wait millis 1000
2018-10-29 16:38:55[com.golaxy.utils.RedisPool]-[INFO]Initialization is completed...
2018-10-29 17:52:41[com.golaxy.utils.RedisPool]-[INFO]init redis connect...
2018-10-29 17:52:41[com.golaxy.utils.RedisPool]-[INFO]redis connect host is 192.168.72.145	port is 26379
2018-10-29 17:52:41[com.golaxy.utils.RedisPool]-[INFO]init redis pool config...
2018-10-29 17:52:41[com.golaxy.utils.RedisPool]-[INFO]redis max total 200
2018-10-29 17:52:41[com.golaxy.utils.RedisPool]-[INFO]redis max idle 50
2018-10-29 17:52:41[com.golaxy.utils.RedisPool]-[INFO]redis max wait millis 1000
2018-10-29 17:52:42[com.golaxy.utils.RedisPool]-[INFO]Initialization is completed...
2018-10-29 17:54:09[com.golaxy.utils.RedisPool]-[INFO]init redis connect...
2018-10-29 17:54:09[com.golaxy.utils.RedisPool]-[INFO]redis connect host is 192.168.72.145	port is 26379
2018-10-29 17:54:09[com.golaxy.utils.RedisPool]-[INFO]init redis pool config...
2018-10-29 17:54:09[com.golaxy.utils.RedisPool]-[INFO]redis max total 200
2018-10-29 17:54:09[com.golaxy.utils.RedisPool]-[INFO]redis max idle 50
2018-10-29 17:54:09[com.golaxy.utils.RedisPool]-[INFO]redis max wait millis 1000
2018-10-29 17:54:09[com.golaxy.utils.RedisPool]-[INFO]Initialization is completed...
2018-10-29 18:37:39[com.golaxy.utils.RedisPool]-[INFO]init redis connect...
2018-10-29 18:37:39[com.golaxy.utils.RedisPool]-[INFO]redis connect host is 192.168.72.145	port is 26379
2018-10-29 18:37:39[com.golaxy.utils.RedisPool]-[INFO]init redis pool config...
2018-10-29 18:37:39[com.golaxy.utils.RedisPool]-[INFO]redis max total 200
2018-10-29 18:37:39[com.golaxy.utils.RedisPool]-[INFO]redis max idle 50
2018-10-29 18:37:39[com.golaxy.utils.RedisPool]-[INFO]redis max wait millis 1000
2018-10-29 18:37:39[com.golaxy.utils.RedisPool]-[INFO]Initialization is completed...
2018-10-30 09:36:55[com.golaxy.utils.RedisPool]-[INFO]init redis connect...
2018-10-30 09:36:55[com.golaxy.utils.RedisPool]-[INFO]redis connect host is 192.168.72.145	port is 26379
2018-10-30 09:36:55[com.golaxy.utils.RedisPool]-[INFO]init redis pool config...
2018-10-30 09:36:55[com.golaxy.utils.RedisPool]-[INFO]redis max total 200
2018-10-30 09:36:55[com.golaxy.utils.RedisPool]-[INFO]redis max idle 50
2018-10-30 09:36:55[com.golaxy.utils.RedisPool]-[INFO]redis max wait millis 1000
2018-10-30 09:36:56[com.golaxy.utils.RedisPool]-[INFO]Initialization is completed...
2018-10-30 09:37:38[com.golaxy.utils.RedisPool]-[INFO]init redis connect...
2018-10-30 09:37:38[com.golaxy.utils.RedisPool]-[INFO]redis connect host is 192.168.72.145	port is 26379
2018-10-30 09:37:38[com.golaxy.utils.RedisPool]-[INFO]init redis pool config...
2018-10-30 09:37:38[com.golaxy.utils.RedisPool]-[INFO]redis max total 200
2018-10-30 09:37:38[com.golaxy.utils.RedisPool]-[INFO]redis max idle 50
2018-10-30 09:37:38[com.golaxy.utils.RedisPool]-[INFO]redis max wait millis 1000
2018-10-30 09:37:38[com.golaxy.utils.RedisPool]-[INFO]Initialization is completed...
